<?xml version="1.0" encoding="UTF-8"?>
<!-- Generated by org.testng.reporters.JUnitReportReporter -->
<testsuite hostname="Win7SP1-x64-5" name="com.cisco.YahooTest" tests="1" failures="0" timestamp="2 Sep 2014 05:58:25 GMT" time="7.615" errors="0">
  <testcase name="verifySearch" time="7.615" classname="com.cisco.YahooTest"/>
</testsuite> <!-- com.cisco.YahooTest -->
