<?xml version="1.0" encoding="UTF-8"?>
<!-- Generated by org.testng.reporters.JUnitReportReporter -->
<testsuite hostname="Win7SP1-x64-5" name="GoogleTest" tests="1" failures="0" timestamp="1 Sep 2014 11:53:58 GMT" time="7.756" errors="0">
  <testcase name="verifySearch" time="7.756" classname="GoogleTest"/>
</testsuite> <!-- GoogleTest -->
